Compiling the C compiler identification source file "CMakeCCompilerId.c" failed.
Compiler: /Users/anitapereira/.platformio/packages/toolchain-gccarmnoneeabi/bin/arm-none-eabi-gcc 
Build flags: 
Id flags:  

The output was:
1
/Users/anitapereira/.platformio/packages/toolchain-gccarmnoneeabi/bin/../lib/gcc/arm-none-eabi/8.2.1/../../../../arm-none-eabi/bin/ld: /Users/anitapereira/.platformio/packages/toolchain-gccarmnoneeabi/bin/../lib/gcc/arm-none-eabi/8.2.1/../../../../arm-none-eabi/lib/libc.a(lib_a-exit.o): in function `exit':
exit.c:(.text.exit+0x2c): undefined reference to `_exit'
collect2: error: ld returned 1 exit status


Compiling the CXX compiler identification source file "CMakeCXXCompilerId.cpp" failed.
Compiler: /Users/anitapereira/.platformio/packages/toolchain-gccarmnoneeabi/bin/arm-none-eabi-g++ 
Build flags: 
Id flags:  

The output was:
1
/Users/anitapereira/.platformio/packages/toolchain-gccarmnoneeabi/bin/../lib/gcc/arm-none-eabi/8.2.1/../../../../arm-none-eabi/bin/ld: /Users/anitapereira/.platformio/packages/toolchain-gccarmnoneeabi/bin/../lib/gcc/arm-none-eabi/8.2.1/../../../../arm-none-eabi/lib/libc.a(lib_a-exit.o): in function `exit':
exit.c:(.text.exit+0x2c): undefined reference to `_exit'
collect2: error: ld returned 1 exit status


Determining if the include file xtensa/config/core-isa.h exists failed with the following output:
Change Dir: /Users/anitapereira/atividade-comunica-o-2-tradicionais/.pio/build/frdm_kl25z/CMakeFiles/CMakeTmp

Run Build Command(s):/Users/anitapereira/.platformio/packages/tool-ninja/ninja cmTC_9c1a7 && [1/2] Building C object CMakeFiles/cmTC_9c1a7.dir/CheckIncludeFile.c.obj
FAILED: CMakeFiles/cmTC_9c1a7.dir/CheckIncludeFile.c.obj 
/Users/anitapereira/.platformio/packages/toolchain-gccarmnoneeabi/bin/arm-none-eabi-gcc   -nostartfiles -nostdlib -isystem "/Users/anitapereira/.platformio/packages/toolchain-gccarmnoneeabi/bin/../lib/gcc/arm-none-eabi/8.2.1/include" -isystem "/Users/anitapereira/.platformio/packages/toolchain-gccarmnoneeabi/bin/../lib/gcc/arm-none-eabi/8.2.1/include-fixed" -Wl,--unresolved-symbols=ignore-in-object-files -Wl,--entry=0 -fuse-ld=bfd -o CMakeFiles/cmTC_9c1a7.dir/CheckIncludeFile.c.obj -c /Users/anitapereira/atividade-comunica-o-2-tradicionais/.pio/build/frdm_kl25z/CMakeFiles/CMakeTmp/CheckIncludeFile.c
/Users/anitapereira/atividade-comunica-o-2-tradicionais/.pio/build/frdm_kl25z/CMakeFiles/CMakeTmp/CheckIncludeFile.c:1:10: fatal error: xtensa/config/core-isa.h: No such file or directory
 #include <xtensa/config/core-isa.h>
          ^~~~~~~~~~~~~~~~~~~~~~~~~~
compilation terminated.
ninja: build stopped: subcommand failed.



